<?xml version="1.0" encoding="UTF-8"?>
<testsuites name="testsuite" time="25" tests="1" failures="0" errors="0">
   <testsuite name="testsuite" tests="1" failures="0" errors="0" time="25" timestamp="2019-03-06 18:30:40" hostname="syahroni.syahroni - Syahroni-E460.ad.metraplasa.co.id" id="Test Suites/testsuite">
      <properties>
         <property name="deviceName" value=""/>
         <property name="devicePlatform" value=""/>
         <property name="logFolder" value="C:\\Users\\syahroni.syahroni\\Music\\KatalonGithub\\Reports\\testsuite\\20190306_183037"/>
         <property name="logFiles" value="C:\\Users\\syahroni.syahroni\\Music\\KatalonGithub\\Reports\\testsuite\\20190306_183037\\execution0.log"/>
         <property name="attachments" value=""/>
         <property name="hostName" value="syahroni.syahroni - Syahroni-E460.ad.metraplasa.co.id"/>
         <property name="os" value="Windows 10 64bit"/>
         <property name="katalonVersion" value="5.10.1.1"/>
         <property name="browser" value="Chrome 72.0.3626.119"/>
         <property name="hostAddress" value="10.10.24.53"/>
         <property name="sessionId" value="8d17d45f88811bdb4ddc14066a376fa3"/>
         <property name="seleniumVersion" value="3.7.1"/>
         <property name="proxyInformation" value="ProxyInformation{proxyOption=NO_PROXY, proxyServerType=HTTP, password=, proxyServerAddress=, proxyServerPort=0}"/>
         <property name="platform" value="Windows 10"/>
      </properties>
      <testcase name="Test Cases/TC01-Login" classname="Test Cases/TC01-Login" status="PASSED">
         <system-out><![CDATA[2019-03-06 18:30:40 - [TEST_CASE][PASSED] - Test Cases/TC01-Login: Test Cases/TC01-Login

2019-03-06 18:30:41 - [TEST_STEP][PASSED] - openBrowser(""): Browser is opened with url: ''

2019-03-06 18:30:42 - [MESSAGE][INFO] - Starting 'Chrome' driver

2019-03-06 18:30:42 - [MESSAGE][INFO] - Action delay is set to 0 seconds

2019-03-06 18:30:46 - [MESSAGE][PASSED] - Browser is opened with url: ''

2019-03-06 18:30:46 - [TEST_STEP][PASSED] - navigateToUrl("https://foodia.com"): Navigate to 'https://foodia.com' successfully

2019-03-06 18:31:02 - [MESSAGE][PASSED] - Navigate to 'https://foodia.com' successfully

2019-03-06 18:31:02 - [TEST_STEP][PASSED] - click(findTestObject("Login/Masuk0rDaftar")): Object: 'Object Repository/Login/Masuk0rDaftar' is clicked on

2019-03-06 18:31:03 - [MESSAGE][PASSED] - Object: 'Object Repository/Login/Masuk0rDaftar' is clicked on

2019-03-06 18:31:03 - [TEST_STEP][PASSED] - setText(findTestObject("Login/email"), "foodia1@mailinator.com"): Text 'foodia1@mailinator.com' is set on object 'Object Repository/Login/email'

2019-03-06 18:31:04 - [MESSAGE][PASSED] - Text 'foodia1@mailinator.com' is set on object 'Object Repository/Login/email'

2019-03-06 18:31:04 - [TEST_STEP][PASSED] - setText(findTestObject("Login/password"), "password"): Text 'password' is set on object 'Object Repository/Login/password'

2019-03-06 18:31:04 - [MESSAGE][PASSED] - Text 'password' is set on object 'Object Repository/Login/password']]></system-out>
         <system-err><![CDATA[]]></system-err>
      </testcase>
      <system-out><![CDATA[2019-03-06 18:30:40 - [TEST_SUITE][PASSED] - testsuite: Test Cases/TC01-Login]]></system-out>
      <system-err><![CDATA[]]></system-err>
   </testsuite>
</testsuites>
