<?xml version="1.0" encoding="UTF-8"?>
<testsuites name="testsuitefoodia" time="14" tests="1" failures="0" errors="0">
   <testsuite name="testsuitefoodia" tests="1" failures="0" errors="0" time="14" timestamp="2019-03-06 20:04:45" hostname="syahroni.syahroni - Syahroni-E460.ad.metraplasa.co.id" id="Test Suites/testsuitefoodia">
      <properties>
         <property name="deviceName" value=""/>
         <property name="devicePlatform" value=""/>
         <property name="logFolder" value="C:\\Users\\syahroni.syahroni\\Music\\KatalonGithub\\Reports\\testsuitefoodia\\20190306_200443"/>
         <property name="logFiles" value="C:\\Users\\syahroni.syahroni\\Music\\KatalonGithub\\Reports\\testsuitefoodia\\20190306_200443\\execution0.log"/>
         <property name="attachments" value=""/>
         <property name="hostName" value="syahroni.syahroni - Syahroni-E460.ad.metraplasa.co.id"/>
         <property name="os" value="Windows 10 64bit"/>
         <property name="katalonVersion" value="5.10.1.1"/>
         <property name="browser" value="Chrome 72.0.3626.119"/>
         <property name="hostAddress" value="10.10.24.53"/>
         <property name="sessionId" value="901e034e17c4112ca7c9b3c83daa84cc"/>
         <property name="seleniumVersion" value="3.7.1"/>
         <property name="proxyInformation" value="ProxyInformation{proxyOption=NO_PROXY, proxyServerType=HTTP, password=, proxyServerAddress=, proxyServerPort=0}"/>
         <property name="platform" value="Windows 10"/>
      </properties>
      <testcase name="Test Cases/openbrowserFoodia" classname="Test Cases/openbrowserFoodia" status="PASSED">
         <system-out><![CDATA[2019-03-06 20:04:45 - [TEST_CASE][PASSED] - Test Cases/openbrowserFoodia: Test Cases/openbrowserFoodia

2019-03-06 20:04:46 - [TEST_STEP][PASSED] - openBrowser(""): Browser is opened with url: ''

2019-03-06 20:04:46 - [MESSAGE][INFO] - Starting 'Chrome' driver

2019-03-06 20:04:46 - [MESSAGE][INFO] - Action delay is set to 0 seconds

2019-03-06 20:04:51 - [MESSAGE][PASSED] - Browser is opened with url: ''

2019-03-06 20:04:51 - [TEST_STEP][PASSED] - navigateToUrl("https://foodia.com"): Navigate to 'https://foodia.com' successfully

2019-03-06 20:04:57 - [MESSAGE][PASSED] - Navigate to 'https://foodia.com' successfully

2019-03-06 20:04:57 - [TEST_STEP][PASSED] - maximizeWindow(): Current window maximized

2019-03-06 20:04:59 - [MESSAGE][PASSED] - Current window maximized]]></system-out>
         <system-err><![CDATA[]]></system-err>
      </testcase>
      <system-out><![CDATA[2019-03-06 20:04:45 - [TEST_SUITE][PASSED] - testsuitefoodia: Test Cases/openbrowserFoodia]]></system-out>
      <system-err><![CDATA[]]></system-err>
   </testsuite>
</testsuites>
